app/build/intermediates/manifest_merge_blame_file/release/manifest-merger-blame-release-report.txt
1<?xml version="1.0" encoding="utf-8"?>
2<manifest xmlns:android="http://schemas.android.com/apk/res/android"
3    package="com.mlw.extorch"
4    android:versionCode="1"
5    android:versionName="1.0" >
6
7    <uses-sdk
8        android:minSdkVersion="26"
8-->src/main/AndroidManifest.xml
9        android:targetSdkVersion="30" />
9-->src/main/AndroidManifest.xml
10
11    <uses-permission
11-->src/main/AndroidManifest.xml:4:5-6:44
12        android:name="android.permission.FLASHLIGHT"
12-->src/main/AndroidManifest.xml:4:22-66
13        android:permissionGroup="android.permission-group.HARDWARE_CONTROLS"
13-->src/main/AndroidManifest.xml:5:9-77
14        android:protectionLevel="normal" />
14-->src/main/AndroidManifest.xml:6:9-41
15    <uses-permission
15-->src/main/AndroidManifest.xml:7:5-114
16        android:name="android.permission.WRITE_EXTERNAL_STORAGE"
16-->src/main/AndroidManifest.xml:7:22-78
17        android:protectionLevel="normal" />
17-->src/main/AndroidManifest.xml:7:79-111
18    <uses-permission
18-->src/main/AndroidManifest.xml:8:5-113
19        android:name="android.permission.READ_EXTERNAL_STORAGE"
19-->src/main/AndroidManifest.xml:8:22-77
20        android:protectionLevel="normal" />
20-->src/main/AndroidManifest.xml:8:78-110
21    <uses-permission android:name="android.permission." />
21-->src/main/AndroidManifest.xml:9:5-58
21-->src/main/AndroidManifest.xml:9:22-56
22
23    <application
23-->src/main/AndroidManifest.xml:12:5-29:19
24        android:allowBackup="true"
24-->src/main/AndroidManifest.xml:13:9-35
25        android:appComponentFactory="androidx.core.app.CoreComponentFactory"
25-->[androidx.core:core:1.6.0-beta01] AndroidManifest.xml:24:18-86
26        android:extractNativeLibs="false"
27        android:hardwareAccelerated="true"
27-->src/main/AndroidManifest.xml:14:9-43
28        android:icon="@mipmap/ic_launcher"
28-->src/main/AndroidManifest.xml:17:9-43
29        android:label="@string/app_name"
29-->src/main/AndroidManifest.xml:18:9-41
30        android:largeHeap="true"
30-->src/main/AndroidManifest.xml:15:9-33
31        android:roundIcon="@mipmap/ic_launcher_round"
31-->src/main/AndroidManifest.xml:19:9-54
32        android:supportsRtl="true"
32-->src/main/AndroidManifest.xml:20:9-35
33        android:theme="@style/Theme.ExTorch"
33-->src/main/AndroidManifest.xml:21:9-45
34        android:usesCleartextTraffic="true" >
34-->src/main/AndroidManifest.xml:16:9-44
35        <activity android:name="com.mlw.extorch.MainActivity" >
35-->src/main/AndroidManifest.xml:22:9-28:20
35-->src/main/AndroidManifest.xml:22:19-47
36            <intent-filter>
36-->src/main/AndroidManifest.xml:23:13-27:29
37                <action android:name="android.intent.action.MAIN" />
37-->src/main/AndroidManifest.xml:24:17-69
37-->src/main/AndroidManifest.xml:24:25-66
38
39                <category android:name="android.intent.category.LAUNCHER" />
39-->src/main/AndroidManifest.xml:26:17-77
39-->src/main/AndroidManifest.xml:26:27-74
40            </intent-filter>
41        </activity>
42    </application>
43
44</manifest>